  OpenFrameworksTOP.cpp
  Unknown compiler version - please run the configure tests and report the results
c:\users\samhains\c++\of_v0.9.8_vs_release\libs\openframeworks\math\ofmatrix4x4.h(320): warning C4267: 'argument': conversion from 'size_t' to 'int', possible loss of data
c:\users\samhains\c++\of_v0.9.8_vs_release\libs\openframeworks\math\ofmatrix4x4.h(325): warning C4267: 'argument': conversion from 'size_t' to 'int', possible loss of data
c:\users\samhains\c++\of_v0.9.8_vs_release\libs\openframeworks\math\ofmatrix4x4.h(969): warning C4267: 'argument': conversion from 'size_t' to 'int', possible loss of data
c:\users\samhains\c++\of_v0.9.8_vs_release\libs\openframeworks\math\ofmatrix4x4.h(970): warning C4267: 'argument': conversion from 'size_t' to 'int', possible loss of data
c:\users\samhains\c++\of_v0.9.8_vs_release\libs\openframeworks\math\ofmatrix4x4.h(971): warning C4267: 'argument': conversion from 'size_t' to 'int', possible loss of data
c:\users\samhains\c++\of_v0.9.8_vs_release\libs\openframeworks\math\ofmatrix4x4.h(972): warning C4267: 'argument': conversion from 'size_t' to 'int', possible loss of data
c:\users\samhains\c++\of_v0.9.8_vs_release\addons\ofxcv\libs\ofxcv\include\ofxcv\tracker.h(166): warning C4267: 'initializing': conversion from 'size_t' to 'int', possible loss of data
  c:\users\samhains\c++\of_v0.9.8_vs_release\addons\ofxcv\libs\ofxcv\include\ofxcv\tracker.h(164): note: while compiling class template member function 'const std::vector<ofIndexType,std::allocator<_Ty>> &ofxCv::Tracker<cv::Rect>::track(const std::vector<cv::Rect,std::allocator<cv::Rect_<int>>> &)'
          with
          [
              _Ty=ofIndexType
          ]
  c:\users\samhains\c++\of_v0.9.8_vs_release\addons\ofxcv\libs\ofxcv\include\ofxcv\tracker.h(322): note: see reference to function template instantiation 'const std::vector<ofIndexType,std::allocator<_Ty>> &ofxCv::Tracker<cv::Rect>::track(const std::vector<cv::Rect,std::allocator<cv::Rect_<int>>> &)' being compiled
          with
          [
              _Ty=ofIndexType
          ]
  c:\users\samhains\c++\of_v0.9.8_vs_release\addons\ofxcv\libs\ofxcv\include\ofxcv\tracker.h(307): note: see reference to class template instantiation 'ofxCv::Tracker<cv::Rect>' being compiled
c:\users\samhains\c++\of_v0.9.8_vs_release\addons\ofxcv\libs\ofxcv\include\ofxcv\tracker.h(167): warning C4267: 'initializing': conversion from 'size_t' to 'int', possible loss of data
c:\users\samhains\c++\of_v0.9.8_vs_release\addons\ofxcv\libs\ofxcv\include\ofxcv\tracker.h(200): warning C4267: 'initializing': conversion from 'size_t' to 'int', possible loss of data
c:\users\samhains\c++\of_v0.9.8_vs_release\addons\ofxcv\libs\ofxcv\include\ofxcv\tracker.h(212): warning C4267: 'initializing': conversion from 'size_t' to 'int', possible loss of data
     Creating library bin\OpenFrameworksTOP.lib and object bin\OpenFrameworksTOP.exp
  LINK : /LTCG specified but no code generation required; remove /LTCG from the link command line to improve linker performance
  OpenFrameworksTOP.vcxproj -> C:\Users\samhains\C++\of_v0.9.8_vs_release\apps\inputTexture\inputTexture\bin\OpenFrameworksTOP.dll
  
  	                   9	C:\Users\samhains\C++\of_v0.9.8_vs_release\export\vs\x64\
  	  *EXTRA File 		 8209920	C:\Users\samhains\C++\of_v0.9.8_vs_release\apps\inputTexture\inputTexture\bin\OpenFrameworksTOP.dll
